# JRE version: OpenJDK Runtime Environment (8.0_242-b01) (build 1.8.0_242-release-1644-b01)
# Java VM: OpenJDK 64-Bit Server VM (25.242-b01 mixed mode windows-amd64 compressed oops)
Heap:
 PSYoungGen      total 345600K, used 313403K [0x00000000e0000000, 0x00000000fc400000, 0x0000000100000000)
  eden space 300032K, 90% used [0x00000000e0000000,0x00000000f0a9eca0,0x00000000f2500000)
  from space 45568K, 88% used [0x00000000f2500000,0x00000000f4c70108,0x00000000f5180000)
  to   space 50176K, 0% used [0x00000000f9300000,0x00000000f9300000,0x00000000fc400000)
 ParOldGen       total 212480K, used 73917K [0x00000000a0000000, 0x00000000acf80000, 0x00000000e0000000)
  object space 212480K, 34% used [0x00000000a0000000,0x00000000a482f688,0x00000000acf80000)
 Metaspace       used 98773K, capacity 103222K, committed 103320K, reserved 1138688K
  class space    used 12855K, capacity 13708K, committed 13744K, reserved 1048576K
GC Heap History (10 events):
Event: 293.921 GC heap before
{Heap before GC invocations=23 (full 3):
 PSYoungGen      total 273920K, used 168358K [0x00000000e0000000, 0x00000000f4980000, 0x0000000100000000)
  eden space 244224K, 57% used [0x00000000e0000000,0x00000000e883cb30,0x00000000eee80000)
  from space 29696K, 97% used [0x00000000eee80000,0x00000000f0aacda8,0x00000000f0b80000)
  to   space 33280K, 0% used [0x00000000f2900000,0x00000000f2900000,0x00000000f4980000)
 ParOldGen       total 133632K, used 63269K [0x00000000a0000000, 0x00000000a8280000, 0x00000000e0000000)
  object space 133632K, 47% used [0x00000000a0000000,0x00000000a3dc9668,0x00000000a8280000)
 Metaspace       used 94212K, capacity 98482K, committed 98600K, reserved 1134592K
  class space    used 12409K, capacity 13244K, committed 13360K, reserved 1048576K
Event: 293.953 GC heap after
Heap after GC invocations=23 (full 3):
 PSYoungGen      total 299520K, used 33266K [0x00000000e0000000, 0x00000000f5780000, 0x0000000100000000)
  eden space 266240K, 0% used [0x00000000e0000000,0x00000000e0000000,0x00000000f0400000)
  from space 33280K, 99% used [0x00000000f2900000,0x00000000f497cad0,0x00000000f4980000)
  to   space 37888K, 0% used [0x00000000f0400000,0x00000000f0400000,0x00000000f2900000)
 ParOldGen       total 133632K, used 63534K [0x00000000a0000000, 0x00000000a8280000, 0x00000000e0000000)
  object space 133632K, 47% used [0x00000000a0000000,0x00000000a3e0b8f8,0x00000000a8280000)
 Metaspace       used 94212K, capacity 98482K, committed 98600K, reserved 1134592K
  class space    used 12409K, capacity 13244K, committed 13360K, reserved 1048576K
}
Event: 293.953 GC heap before
{Heap before GC invocations=24 (full 4):
 PSYoungGen      total 299520K, used 33266K [0x00000000e0000000, 0x00000000f5780000, 0x0000000100000000)
  eden space 266240K, 0% used [0x00000000e0000000,0x00000000e0000000,0x00000000f0400000)
  from space 33280K, 99% used [0x00000000f2900000,0x00000000f497cad0,0x00000000f4980000)
  to   space 37888K, 0% used [0x00000000f0400000,0x00000000f0400000,0x00000000f2900000)
 ParOldGen       total 133632K, used 63534K [0x00000000a0000000, 0x00000000a8280000, 0x00000000e0000000)
  object space 133632K, 47% used [0x00000000a0000000,0x00000000a3e0b8f8,0x00000000a8280000)
 Metaspace       used 94212K, capacity 98482K, committed 98600K, reserved 1134592K
  class space    used 12409K, capacity 13244K, committed 13360K, reserved 1048576K
Event: 294.163 GC heap after
Heap after GC invocations=24 (full 4):
 PSYoungGen      total 299520K, used 0K [0x00000000e0000000, 0x00000000f5780000, 0x0000000100000000)
  eden space 266240K, 0% used [0x00000000e0000000,0x00000000e0000000,0x00000000f0400000)
  from space 33280K, 0% used [0x00000000f2900000,0x00000000f2900000,0x00000000f4980000)
  to   space 37888K, 0% used [0x00000000f0400000,0x00000000f0400000,0x00000000f2900000)
 ParOldGen       total 212480K, used 67710K [0x00000000a0000000, 0x00000000acf80000, 0x00000000e0000000)
  object space 212480K, 31% used [0x00000000a0000000,0x00000000a421f9b0,0x00000000acf80000)
 Metaspace       used 93929K, capacity 97674K, committed 98600K, reserved 1134592K
  class space    used 12316K, capacity 13080K, committed 13360K, reserved 1048576K
}
Event: 295.688 GC heap before
{Heap before GC invocations=25 (full 4):
 PSYoungGen      total 299520K, used 266240K [0x00000000e0000000, 0x00000000f5780000, 0x0000000100000000)
  eden space 266240K, 100% used [0x00000000e0000000,0x00000000f0400000,0x00000000f0400000)
  from space 33280K, 0% used [0x00000000f2900000,0x00000000f2900000,0x00000000f4980000)
  to   space 37888K, 0% used [0x00000000f0400000,0x00000000f0400000,0x00000000f2900000)
 ParOldGen       total 212480K, used 67710K [0x00000000a0000000, 0x00000000acf80000, 0x00000000e0000000)
  object space 212480K, 31% used [0x00000000a0000000,0x00000000a421f9b0,0x00000000acf80000)
 Metaspace       used 98107K, capacity 102464K, committed 102808K, reserved 1138688K
  class space    used 12803K, capacity 13655K, committed 13744K, reserved 1048576K
Event: 295.716 GC heap after
Heap after GC invocations=25 (full 4):
 PSYoungGen      total 304128K, used 22306K [0x00000000e0000000, 0x00000000f7680000, 0x0000000100000000)
  eden space 266240K, 0% used [0x00000000e0000000,0x00000000e0000000,0x00000000f0400000)
  from space 37888K, 58% used [0x00000000f0400000,0x00000000f19c8938,0x00000000f2900000)
  to   space 37888K, 0% used [0x00000000f5180000,0x00000000f5180000,0x00000000f7680000)
 ParOldGen       total 212480K, used 67718K [0x00000000a0000000, 0x00000000acf80000, 0x00000000e0000000)
  object space 212480K, 31% used [0x00000000a0000000,0x00000000a42219b0,0x00000000acf80000)
 Metaspace       used 98107K, capacity 102464K, committed 102808K, reserved 1138688K
  class space    used 12803K, capacity 13655K, committed 13744K, reserved 1048576K
}
Event: 296.638 GC heap before
{Heap before GC invocations=26 (full 4):
 PSYoungGen      total 304128K, used 288546K [0x00000000e0000000, 0x00000000f7680000, 0x0000000100000000)
  eden space 266240K, 100% used [0x00000000e0000000,0x00000000f0400000,0x00000000f0400000)
  from space 37888K, 58% used [0x00000000f0400000,0x00000000f19c8938,0x00000000f2900000)
  to   space 37888K, 0% used [0x00000000f5180000,0x00000000f5180000,0x00000000f7680000)
 ParOldGen       total 212480K, used 67718K [0x00000000a0000000, 0x00000000acf80000, 0x00000000e0000000)
  object space 212480K, 31% used [0x00000000a0000000,0x00000000a42219b0,0x00000000acf80000)
 Metaspace       used 98477K, capacity 102862K, committed 103064K, reserved 1138688K
  class space    used 12825K, capacity 13664K, committed 13744K, reserved 1048576K
Event: 296.674 GC heap after
Heap after GC invocations=26 (full 4):
 PSYoungGen      total 337920K, used 37875K [0x00000000e0000000, 0x00000000f8d80000, 0x0000000100000000)
  eden space 300032K, 0% used [0x00000000e0000000,0x00000000e0000000,0x00000000f2500000)
  from space 37888K, 99% used [0x00000000f5180000,0x00000000f767cd30,0x00000000f7680000)
  to   space 45568K, 0% used [0x00000000f2500000,0x00000000f2500000,0x00000000f5180000)
 ParOldGen       total 212480K, used 73917K [0x00000000a0000000, 0x00000000acf80000, 0x00000000e0000000)
  object space 212480K, 34% used [0x00000000a0000000,0x00000000a482f688,0x00000000acf80000)
 Metaspace       used 98477K, capacity 102862K, committed 103064K, reserved 1138688K
  class space    used 12825K, capacity 13664K, committed 13744K, reserved 1048576K
}
Event: 297.748 GC heap before
{Heap before GC invocations=27 (full 4):
 PSYoungGen      total 337920K, used 337907K [0x00000000e0000000, 0x00000000f8d80000, 0x0000000100000000)
  eden space 300032K, 100% used [0x00000000e0000000,0x00000000f2500000,0x00000000f2500000)
  from space 37888K, 99% used [0x00000000f5180000,0x00000000f767cd30,0x00000000f7680000)
  to   space 45568K, 0% used [0x00000000f2500000,0x00000000f2500000,0x00000000f5180000)
 ParOldGen       total 212480K, used 73917K [0x00000000a0000000, 0x00000000acf80000, 0x00000000e0000000)
  object space 212480K, 34% used [0x00000000a0000000,0x00000000a482f688,0x00000000acf80000)
 Metaspace       used 98685K, capacity 103130K, committed 103320K, reserved 1138688K
  class space    used 12849K, capacity 13702K, committed 13744K, reserved 1048576K
Event: 297.792 GC heap after
Heap after GC invocations=27 (full 4):
 PSYoungGen      total 345600K, used 40384K [0x00000000e0000000, 0x00000000fc400000, 0x0000000100000000)
  eden space 300032K, 0% used [0x00000000e0000000,0x00000000e0000000,0x00000000f2500000)
  from space 45568K, 88% used [0x00000000f2500000,0x00000000f4c70108,0x00000000f5180000)
  to   space 50176K, 0% used [0x00000000f9300000,0x00000000f9300000,0x00000000fc400000)
 ParOldGen       total 212480K, used 73917K [0x00000000a0000000, 0x00000000acf80000, 0x00000000e0000000)
  object space 212480K, 34% used [0x00000000a0000000,0x00000000a482f688,0x00000000acf80000)
 Metaspace       used 98685K, capacity 103130K, committed 103320K, reserved 1138688K
  class space    used 12849K, capacity 13702K, committed 13744K, reserved 1048576K
}

